mode: set
clientProducer/internal/handlers/append_items/append_items.go:16.59,18.2 1 1
clientProducer/internal/handlers/append_items/append_items.go:20.65,22.2 1 1
clientProducer/internal/logic/usecase/append_items/append_items.go:19.56,21.2 1 1
clientProducer/internal/logic/usecase/append_items/append_items.go:23.74,25.16 2 1
clientProducer/internal/logic/usecase/append_items/append_items.go:28.2,28.12 1 1
clientProducer/internal/logic/usecase/append_items/append_items.go:25.16,27.3 1 1
clientProducer/internal/adapter/consumer_adapter/adapter.go:26.56,30.2 1 1
clientProducer/internal/adapter/consumer_adapter/adapter.go:32.80,34.16 2 1
clientProducer/internal/adapter/consumer_adapter/adapter.go:38.2,38.28 1 1
clientProducer/internal/adapter/consumer_adapter/adapter.go:42.2,43.16 2 1
clientProducer/internal/adapter/consumer_adapter/adapter.go:47.2,48.16 2 1
clientProducer/internal/adapter/consumer_adapter/adapter.go:52.2,52.29 1 1
clientProducer/internal/adapter/consumer_adapter/adapter.go:34.16,36.3 1 1
clientProducer/internal/adapter/consumer_adapter/adapter.go:38.28,40.3 1 1
clientProducer/internal/adapter/consumer_adapter/adapter.go:43.16,45.3 1 0
clientProducer/internal/adapter/consumer_adapter/adapter.go:48.16,50.3 1 1
clientProducer/internal/adapter/consumer_adapter/adapter.go:55.63,57.16 2 1
clientProducer/internal/adapter/consumer_adapter/adapter.go:61.2,62.16 2 1
clientProducer/internal/adapter/consumer_adapter/adapter.go:66.2,68.12 2 1
clientProducer/internal/adapter/consumer_adapter/adapter.go:57.16,59.3 1 1
clientProducer/internal/adapter/consumer_adapter/adapter.go:62.16,64.3 1 0
clientProducer/internal/logic/module/consumer_queue/consumer_queue.go:32.61,33.17 1 0
clientProducer/internal/logic/module/consumer_queue/consumer_queue.go:43.2,43.13 1 0
clientProducer/internal/logic/module/consumer_queue/consumer_queue.go:33.17,34.18 1 0
clientProducer/internal/logic/module/consumer_queue/consumer_queue.go:34.18,41.4 2 0
clientProducer/internal/logic/module/consumer_queue/consumer_queue.go:46.77,50.9 3 1
clientProducer/internal/logic/module/consumer_queue/consumer_queue.go:51.21,52.13 1 1
clientProducer/internal/logic/module/consumer_queue/consumer_queue.go:53.24,56.13 3 1
clientProducer/internal/logic/module/consumer_queue/consumer_queue.go:60.31,61.26 1 1
clientProducer/internal/logic/module/consumer_queue/consumer_queue.go:61.26,66.17 3 1
clientProducer/internal/logic/module/consumer_queue/consumer_queue.go:71.3,74.17 3 1
clientProducer/internal/logic/module/consumer_queue/consumer_queue.go:66.17,68.9 2 0
clientProducer/internal/logic/module/consumer_queue/consumer_queue.go:74.17,76.4 1 0
clientProducer/internal/logic/module/consumer_queue/consumer_queue.go:80.70,82.21 2 1
clientProducer/internal/logic/module/consumer_queue/consumer_queue.go:92.2,92.26 1 1
clientProducer/internal/logic/module/consumer_queue/consumer_queue.go:82.21,84.17 2 1
clientProducer/internal/logic/module/consumer_queue/consumer_queue.go:88.3,88.23 1 1
clientProducer/internal/logic/module/consumer_queue/consumer_queue.go:84.17,87.4 2 1
clientProducer/internal/logic/module/consumer_queue/consumer_queue.go:88.23,89.9 1 1
clientProducer/internal/logic/module/consumer_queue/consumer_queue.go:95.88,98.36 2 1
clientProducer/internal/logic/module/consumer_queue/consumer_queue.go:108.2,108.21 1 1
clientProducer/internal/logic/module/consumer_queue/consumer_queue.go:98.36,102.17 4 1
clientProducer/internal/logic/module/consumer_queue/consumer_queue.go:105.3,105.44 1 1
clientProducer/internal/logic/module/consumer_queue/consumer_queue.go:102.17,104.4 1 0
